[2022-12-07T14:23:01.478Z](Level: [31merror[39m) Parameter "filter" to findOne() must be an object, got felipe@mail
[2022-12-08T21:55:45.422Z](Level: [31merror[39m) TWILIO_NUMBER is not defined
[2022-12-08T21:58:46.044Z](Level: [31merror[39m) TWILIO_NUMBER is not defined
[2022-12-08T22:07:29.448Z](Level: [31merror[39m) Unexpected token o in JSON at position 1
[12/12/2022 - (16:40:17)]/(Level: [31merror[39m): null
[14/12/2022 - (11:47:53)]/(Level: [31merror[39m): null
[14/12/2022 - (12:03:23)]/(Level: [31merror[39m): null
[14/12/2022 - (12:06:03)]/(Level: [31merror[39m): null
[14/12/2022 - (12:06:17)]/(Level: [31merror[39m): null
[21/12/2022 - (16:08:58)]/(Level: [31merror[39m): null
[21/12/2022 - (16:20:19)]/(Level: [31merror[39m): null
[21/12/2022 - (16:21:55)]/(Level: [31merror[39m): null
[21/12/2022 - (16:27:40)]/(Level: [31merror[39m): null
[21/12/2022 - (18:01:23)]/(Level: [31merror[39m): null
[21/12/2022 - (18:02:15)]/(Level: [31merror[39m): null
[21/12/2022 - (18:02:47)]/(Level: [31merror[39m): null
[21/12/2022 - (18:05:13)]/(Level: [31merror[39m): null
[21/12/2022 - (18:10:57)]/(Level: [31merror[39m): null
[21/12/2022 - (18:23:03)]/(Level: [31merror[39m): null
[12/3/2023 - (19:08:23)]/(Level: [31merror[39m): error de nodemailer Invalid login: 535-5.7.8 Username and Password not accepted. Learn more at
535 5.7.8  https://support.google.com/mail/?p=BadCredentials n1-20020a4aa7c1000000b004fd878ef510sm2439773oom.21 - gsmtp
